<?xml version="1.0" encoding="UTF-8"?>
<!-- Generated by org.testng.reporters.JUnitReportReporter -->
<testsuite hostname="DESKTOP-O0EVOC1" failures="0" tests="1" name="TestCases.VerifyLogin" time="5.303" errors="0" timestamp="2022-03-20T17:07:49 IST" skipped="0">
  <testcase classname="TestCases.VerifyLogin" name="Login_Test" time="5.303"/>
  <system-out/>
</testsuite> <!-- TestCases.VerifyLogin -->
